<?xml version="1.0" encoding="UTF-8"?>
<robot generator="Robot 4.1.3 (Python 3.10.2 on win32)" generated="20220320 21:24:22.233" rpa="false" schemaversion="2">
<suite id="s1" name="Projeto3" source="C:\Users\Matheus\Desktop\Projeto PHA\Projeto3.robot">
<test id="s1-t1" name="cenario de teste 01: Acessar a categoria WOMEN">
<kw name="Abrir o navegador" type="SETUP">
<kw name="Open Browser" library="SeleniumLibrary">
<arg>browser=${BROWSER}</arg>
<doc>Opens a new browser instance to the optional ``url``.</doc>
<msg timestamp="20220320 21:24:22.539" level="INFO">Opening browser 'chrome' to base url 'None'.</msg>
<status status="PASS" starttime="20220320 21:24:22.539" endtime="20220320 21:24:24.394"/>
</kw>
<kw name="Maximize Browser Window" library="SeleniumLibrary">
<doc>Maximizes current browser window.</doc>
<status status="PASS" starttime="20220320 21:24:24.394" endtime="20220320 21:24:24.507"/>
</kw>
<status status="PASS" starttime="20220320 21:24:22.538" endtime="20220320 21:24:24.507"/>
</kw>
<kw name="Acessar a página home do site Automation Practice">
<kw name="Go To" library="SeleniumLibrary">
<arg>${URL}</arg>
<doc>Navigates the current browser window to the provided ``url``.</doc>
<msg timestamp="20220320 21:24:24.508" level="INFO">Opening url 'http://automationpractice.com'</msg>
<status status="PASS" starttime="20220320 21:24:24.508" endtime="20220320 21:24:30.315"/>
</kw>
<kw name="Wait Until Element Is Visible" library="SeleniumLibrary">
<arg>xpath=//*[@id="block_top_menu"]/ul</arg>
<doc>Waits until the element ``locator`` is visible.</doc>
<status status="PASS" starttime="20220320 21:24:30.315" endtime="20220320 21:24:30.341"/>
</kw>
<kw name="Title Should Be" library="SeleniumLibrary">
<arg>My Store</arg>
<doc>Verifies that the current page title equals ``title``.</doc>
<msg timestamp="20220320 21:24:30.346" level="INFO">Page title is 'My Store'.</msg>
<status status="PASS" starttime="20220320 21:24:30.341" endtime="20220320 21:24:30.346"/>
</kw>
<status status="PASS" starttime="20220320 21:24:24.508" endtime="20220320 21:24:30.346"/>
</kw>
<kw name="Passar o mouse por cima da categoria &quot;Women&quot; no menu principal superior de categorias">
<kw name="Mouse Over" library="SeleniumLibrary">
<arg>xpath=/html/body/div/div[1]/header/div[3]/div/div/div[6]/ul/li[1]/a</arg>
<doc>Simulates hovering the mouse over the element ``locator``.</doc>
<msg timestamp="20220320 21:24:30.347" level="INFO">Simulating Mouse Over on element 'xpath=/html/body/div/div[1]/header/div[3]/div/div/div[6]/ul/li[1]/a'.</msg>
<status status="PASS" starttime="20220320 21:24:30.347" endtime="20220320 21:24:30.638"/>
</kw>
<status status="PASS" starttime="20220320 21:24:30.347" endtime="20220320 21:24:30.638"/>
</kw>
<kw name="Clicar na sub categoria &quot;Summer Dresses&quot;">
<kw name="Wait Until Element Is Visible" library="SeleniumLibrary">
<arg>xpath=//*[@title="Summer Dresses"]</arg>
<doc>Waits until the element ``locator`` is visible.</doc>
<status status="PASS" starttime="20220320 21:24:30.639" endtime="20220320 21:24:30.662"/>
</kw>
<kw name="Click Element" library="SeleniumLibrary">
<arg>xpath=//*[@title="Summer Dresses"]</arg>
<doc>Click the element identified by ``locator``.</doc>
<msg timestamp="20220320 21:24:30.663" level="INFO">Clicking element 'xpath=//*[@title="Summer Dresses"]'.</msg>
<status status="PASS" starttime="20220320 21:24:30.662" endtime="20220320 21:24:32.468"/>
</kw>
<status status="PASS" starttime="20220320 21:24:30.639" endtime="20220320 21:24:32.468"/>
</kw>
<kw name="Conferir se os produtos da sub-categoria&quot;Summer Dresses&quot; foram mostrados na página">
<kw name="Wait Until Element Is Visible" library="SeleniumLibrary">
<arg>xpath=/html/body/div/div[2]/div/div[3]/div[2]/ul/li[1]/div/div[1]/div/a[1]/img</arg>
<doc>Waits until the element ``locator`` is visible.</doc>
<status status="PASS" starttime="20220320 21:24:32.469" endtime="20220320 21:24:32.492"/>
</kw>
<kw name="Wait Until Element Is Visible" library="SeleniumLibrary">
<arg>xpath=/html/body/div/div[2]/div/div[3]/div[2]/ul/li[2]/div/div[1]/div/a[1]/img</arg>
<doc>Waits until the element ``locator`` is visible.</doc>
<status status="PASS" starttime="20220320 21:24:32.493" endtime="20220320 21:24:32.512"/>
</kw>
<kw name="Wait Until Element Is Visible" library="SeleniumLibrary">
<arg>xpath=/html/body/div/div[2]/div/div[3]/div[2]/ul/li[3]/div/div[1]/div/a[1]/img</arg>
<doc>Waits until the element ``locator`` is visible.</doc>
<status status="PASS" starttime="20220320 21:24:32.512" endtime="20220320 21:24:32.532"/>
</kw>
<status status="PASS" starttime="20220320 21:24:32.469" endtime="20220320 21:24:32.532"/>
</kw>
<kw name="Fechar o navegador" type="TEARDOWN">
<kw name="Close Browser" library="SeleniumLibrary">
<doc>Closes the current browser.</doc>
<status status="PASS" starttime="20220320 21:24:32.533" endtime="20220320 21:24:35.399"/>
</kw>
<status status="PASS" starttime="20220320 21:24:32.533" endtime="20220320 21:24:35.399"/>
</kw>
<status status="PASS" starttime="20220320 21:24:22.537" endtime="20220320 21:24:35.400"/>
</test>
<status status="PASS" starttime="20220320 21:24:22.234" endtime="20220320 21:24:35.402"/>
</suite>
<statistics>
<total>
<stat pass="1" fail="0" skip="0">All Tests</stat>
</total>
<tag>
</tag>
<suite>
<stat pass="1" fail="0" skip="0" id="s1" name="Projeto3">Projeto3</stat>
</suite>
</statistics>
<errors>
</errors>
</robot>
